"blank"				"=========================="
"blank"				"#Valve_Movement_Title"
"blank"				"=========================="
"+forward"			"#Valve_Move_Forward"
"+back"				"#Valve_Move_Back"
"+moveleft"			"#Valve_Move_Left"
"+moveright"		"#Valve_Move_Right"
"+speed"            "#Valve_Sprint"
"+jump"				"#Valve_Jump"
"+duck"				"#Valve_Duck"
"ducktoggle"		"#RnL_DuckToggle"
"+grenade1"			"#RnL_Prone"
"+alt1"			    "#RnL_LeanRight"
"+alt2"		        "#RnL_LeanLeft"
"+walk"             "#Valve_Walk"
"+left"				"#Valve_Turn_Left"
"+right"			"#Valve_Turn_Right"
"+moveup"			"#Valve_Swim_Up"
"+movedown"			"#Valve_Swim_Down"
"+lookup"			"#Valve_Look_Up"
"+lookdown"			"#Valve_Look_Down"
"+strafe"			"#Valve_Strafe_Modifier"
"+klook"			"#Valve_Keyboard_Look_Modifier"
"+use"				"#Valve_Use_Items"
"blank"				"=========================="
"blank"				"#Valve_Combat_Title"
"blank"				"=========================="
"+attack"			"#Valve_Primary_Attack"
"+attack2"			"#Valve_Secondary_Attack"
"+attack3"			"#RnL_AttachBayonet"
"+reload"			"#Valve_Reload_Weapon"
"+zoom"		        "#RnL_Ironsights"
"+ammobelt"			"#RnL_ShowAmmo"
"holster"			"#RnL_Holster"
"slot1"				"#Valve_Weapon_Category_1"
"slot2"				"#Valve_Weapon_Category_2"
"slot3" 			"#Valve_Weapon_Category_3"
"slot4"				"#Valve_Weapon_Category_4"
"slot5"				"#Valve_Weapon_Category_5"
"slot6"				"#Valve_Weapon_Category_6"
"invnext"			"#Valve_Next_Weapon"
"invprev"			"#Valve_Previous_Weapon"
"lastinv"			"#Valve_Last_Weapon_Used"
"drop"				"#RnL_DropWeapon"
"dropammo"			"#RnL_DropAmmo"
"dropextraammo"		"#RnL_DropExtraAmmo"
"blank"				"=========================="
"blank"				"#Valve_Communication_Title"
"blank"				"=========================="
"+voicerecord"		"#Valve_Use_Voice_Communication"
"messagemode"		"#Valve_Chat_Message"
"messagemode2"		"#Valve_Team_Message"
//"+showradial"		"#RnL_RadialMenu"
"blank"				"=========================="
"blank"				"#Valve_Miscellaneous_Title"
"blank"				"=========================="
"jpeg"				"#Valve_Take_Screen_Shot"
"+showscores"		"#Valve_Display_Scores"
"impulse 201"		"#Valve_Spray_Logo"
"pause"				"#Valve_Pause_Game"
"quit"				"#Valve_Quit_Game"
"changeteam"		"#RnL_Change_Team"
"changesquad"		"#RnL_Change_Squad"
"+grenade2"			"#RnL_ShowNCOMap"
"+freelook"			"#RnL_FreeLook"